This file contains any messages produced by compilers while
running configure, to aid debugging if configure makes a mistake.

It was created by nxsamples configure 0.1.0, which was
generated by GNU Autoconf 2.61.  Invocation command line was

  $ ./configure --no-create --no-recursion

## --------- ##
## Platform. ##
## --------- ##

hostname = yamamoto-naoki-no-macbook-pro.local
uname -m = x86_64
uname -r = 10.4.0
uname -s = Darwin
uname -v = Darwin Kernel Version 10.4.0: Fri Apr 23 18:27:12 PDT 2010; root:xnu-1504.7.4~1/RELEASE_X86_64

/usr/bin/uname -p = i386
/bin/uname -X     = unknown

/bin/arch              = unknown
/usr/bin/arch -k       = unknown
/usr/convex/getsysinfo = unknown
/usr/bin/hostinfo      = Mach kernel version:
	 Darwin Kernel Version 10.4.0: Fri Apr 23 18:27:12 PDT 2010; root:xnu-1504.7.4~1/RELEASE_X86_64
Kernel configured for up to 2 processors.
2 processors are physically available.
2 processors are logically available.
Processor type: i486 (Intel 80486)
Processors active: 0 1
Primary memory available: 2.00 gigabytes
Default processor set: 51 tasks, 218 threads, 2 processors
Load average: 1.12, Mach factor: 0.96
/bin/machine           = unknown
/usr/bin/oslevel       = unknown
/bin/universe          = unknown

PATH: /usr/bin
PATH: /bin
PATH: /usr/sbin
PATH: /sbin
PATH: /usr/local/bin
PATH: /usr/X11/bin


## ----------- ##
## Core tests. ##
## ----------- ##

configure:1794: checking for a BSD-compatible install
configure:1850: result: /usr/bin/install -c
configure:1861: checking whether build environment is sane
configure:1904: result: yes
configure:1932: checking for a thread-safe mkdir -p
configure:1971: result: ./../install-sh -c -d
configure:1984: checking for gawk
configure:2014: result: no
configure:1984: checking for mawk
configure:2014: result: no
configure:1984: checking for nawk
configure:2014: result: no
configure:1984: checking for awk
configure:2000: found /usr/bin/awk
configure:2011: result: awk
configure:2022: checking whether make sets $(MAKE)
configure:2043: result: yes
configure:2242: checking build system type
configure:2260: result: i386-apple-darwin10.4.0
configure:2282: checking host system type
configure:2297: result: i386-apple-darwin10.4.0
configure:2369: checking for gcc
configure:2385: found /usr/bin/gcc
configure:2396: result: gcc
configure:2634: checking for C compiler version
configure:2641: gcc --version >&5
i686-apple-darwin10-gcc-4.2.1 (GCC) 4.2.1 (Apple Inc. build 5664)
Copyright (C) 2007 Free Software Foundation, Inc.
This is free software; see the source for copying conditions.  There is NO
warranty; not even for MERCHANTABILITY or FITNESS FOR A PARTICULAR PURPOSE.

configure:2644: $? = 0
configure:2651: gcc -v >&5
Using built-in specs.
Target: i686-apple-darwin10
Configured with: /var/tmp/gcc/gcc-5664~38/src/configure --disable-checking --enable-werror --prefix=/usr --mandir=/share/man --enable-languages=c,objc,c++,obj-c++ --program-transform-name=/^[cg][^.-]*$/s/$/-4.2/ --with-slibdir=/usr/lib --build=i686-apple-darwin10 --program-prefix=i686-apple-darwin10- --host=x86_64-apple-darwin10 --target=i686-apple-darwin10 --with-gxx-include-dir=/include/c++/4.2.1
Thread model: posix
gcc version 4.2.1 (Apple Inc. build 5664)
configure:2654: $? = 0
configure:2661: gcc -V >&5
gcc-4.2: argument to `-V' is missing
configure:2664: $? = 1
configure:2687: checking for C compiler default output file name
configure:2714: gcc    conftest.c  >&5
configure:2717: $? = 0
configure:2755: result: a.out
configure:2772: checking whether the C compiler works
configure:2782: ./a.out
configure:2785: $? = 0
configure:2802: result: yes
configure:2809: checking whether we are cross compiling
configure:2811: result: no
configure:2814: checking for suffix of executables
configure:2821: gcc -o conftest    conftest.c  >&5
configure:2824: $? = 0
configure:2848: result: 
configure:2854: checking for suffix of object files
configure:2880: gcc -c   conftest.c >&5
configure:2883: $? = 0
configure:2906: result: o
configure:2910: checking whether we are using the GNU C compiler
configure:2939: gcc -c   conftest.c >&5
configure:2945: $? = 0
configure:2962: result: yes
configure:2967: checking whether gcc accepts -g
configure:2997: gcc -c -g  conftest.c >&5
configure:3003: $? = 0
configure:3102: result: yes
configure:3119: checking for gcc option to accept ISO C89
configure:3193: gcc  -c -g -O2  conftest.c >&5
configure:3199: $? = 0
configure:3222: result: none needed
configure:3251: checking for style of include used by make
configure:3279: result: GNU
configure:3304: checking dependency style of gcc
configure:3395: result: gcc3
configure:3411: checking whether gcc and cc understand -c and -o together
configure:3446: gcc -c conftest.c -o conftest2.o >&5
configure:3449: $? = 0
configure:3455: gcc -c conftest.c -o conftest2.o >&5
configure:3458: $? = 0
configure:3469: cc -c conftest.c >&5
configure:3472: $? = 0
configure:3480: cc -c conftest.c -o conftest2.o >&5
configure:3483: $? = 0
configure:3489: cc -c conftest.c -o conftest2.o >&5
configure:3492: $? = 0
configure:3510: result: yes
configure:3544: checking how to run the C preprocessor
configure:3584: gcc -E  conftest.c
configure:3590: $? = 0
configure:3621: gcc -E  conftest.c
conftest.c:10:28: error: ac_nonexistent.h: No such file or directory
configure:3627: $? = 1
configure: failed program was:
| /* confdefs.h.  */
| #define PACKAGE_NAME "nxsamples"
| #define PACKAGE_TARNAME "nxsamples"
| #define PACKAGE_VERSION "0.1.0"
| #define PACKAGE_STRING "nxsamples 0.1.0"
| #define PACKAGE_BUGREPORT "y10naoki@gmail.com"
| #define PACKAGE "nxsamples"
| #define VERSION "0.1.0"
| /* end confdefs.h.  */
| #include <ac_nonexistent.h>
configure:3660: result: gcc -E
configure:3689: gcc -E  conftest.c
configure:3695: $? = 0
configure:3726: gcc -E  conftest.c
conftest.c:10:28: error: ac_nonexistent.h: No such file or directory
configure:3732: $? = 1
configure: failed program was:
| /* confdefs.h.  */
| #define PACKAGE_NAME "nxsamples"
| #define PACKAGE_TARNAME "nxsamples"
| #define PACKAGE_VERSION "0.1.0"
| #define PACKAGE_STRING "nxsamples 0.1.0"
| #define PACKAGE_BUGREPORT "y10naoki@gmail.com"
| #define PACKAGE "nxsamples"
| #define VERSION "0.1.0"
| /* end confdefs.h.  */
| #include <ac_nonexistent.h>
configure:3770: checking for grep that handles long lines and -e
configure:3844: result: /usr/bin/grep
configure:3849: checking for egrep
configure:3927: result: /usr/bin/grep -E
configure:3932: checking for ANSI C header files
configure:3962: gcc -c -g -O2  conftest.c >&5
configure:3968: $? = 0
configure:4067: gcc -o conftest -g -O2   conftest.c  >&5
configure:4070: $? = 0
configure:4076: ./conftest
configure:4079: $? = 0
configure:4096: result: yes
configure:4120: checking for sys/types.h
configure:4141: gcc -c -g -O2  conftest.c >&5
configure:4147: $? = 0
configure:4163: result: yes
configure:4120: checking for sys/stat.h
configure:4141: gcc -c -g -O2  conftest.c >&5
configure:4147: $? = 0
configure:4163: result: yes
configure:4120: checking for stdlib.h
configure:4141: gcc -c -g -O2  conftest.c >&5
configure:4147: $? = 0
configure:4163: result: yes
configure:4120: checking for string.h
configure:4141: gcc -c -g -O2  conftest.c >&5
configure:4147: $? = 0
configure:4163: result: yes
configure:4120: checking for memory.h
configure:4141: gcc -c -g -O2  conftest.c >&5
configure:4147: $? = 0
configure:4163: result: yes
configure:4120: checking for strings.h
configure:4141: gcc -c -g -O2  conftest.c >&5
configure:4147: $? = 0
configure:4163: result: yes
configure:4120: checking for inttypes.h
configure:4141: gcc -c -g -O2  conftest.c >&5
configure:4147: $? = 0
configure:4163: result: yes
configure:4120: checking for stdint.h
configure:4141: gcc -c -g -O2  conftest.c >&5
configure:4147: $? = 0
configure:4163: result: yes
configure:4120: checking for unistd.h
configure:4141: gcc -c -g -O2  conftest.c >&5
configure:4147: $? = 0
configure:4163: result: yes
configure:4200: checking arpa/inet.h usability
configure:4217: gcc -c -g -O2  conftest.c >&5
configure:4223: $? = 0
configure:4237: result: yes
configure:4241: checking arpa/inet.h presence
configure:4256: gcc -E  conftest.c
configure:4262: $? = 0
configure:4276: result: yes
configure:4309: checking for arpa/inet.h
configure:4317: result: yes
configure:4200: checking fcntl.h usability
configure:4217: gcc -c -g -O2  conftest.c >&5
configure:4223: $? = 0
configure:4237: result: yes
configure:4241: checking fcntl.h presence
configure:4256: gcc -E  conftest.c
configure:4262: $? = 0
configure:4276: result: yes
configure:4309: checking for fcntl.h
configure:4317: result: yes
configure:4200: checking limits.h usability
configure:4217: gcc -c -g -O2  conftest.c >&5
configure:4223: $? = 0
configure:4237: result: yes
configure:4241: checking limits.h presence
configure:4256: gcc -E  conftest.c
configure:4262: $? = 0
configure:4276: result: yes
configure:4309: checking for limits.h
configure:4317: result: yes
configure:4190: checking for memory.h
configure:4196: result: yes
configure:4200: checking netdb.h usability
configure:4217: gcc -c -g -O2  conftest.c >&5
configure:4223: $? = 0
configure:4237: result: yes
configure:4241: checking netdb.h presence
configure:4256: gcc -E  conftest.c
configure:4262: $? = 0
configure:4276: result: yes
configure:4309: checking for netdb.h
configure:4317: result: yes
configure:4200: checking netinet/in.h usability
configure:4217: gcc -c -g -O2  conftest.c >&5
configure:4223: $? = 0
configure:4237: result: yes
configure:4241: checking netinet/in.h presence
configure:4256: gcc -E  conftest.c
configure:4262: $? = 0
configure:4276: result: yes
configure:4309: checking for netinet/in.h
configure:4317: result: yes
configure:4190: checking for stdlib.h
configure:4196: result: yes
configure:4190: checking for string.h
configure:4196: result: yes
configure:4200: checking sys/socket.h usability
configure:4217: gcc -c -g -O2  conftest.c >&5
configure:4223: $? = 0
configure:4237: result: yes
configure:4241: checking sys/socket.h presence
configure:4256: gcc -E  conftest.c
configure:4262: $? = 0
configure:4276: result: yes
configure:4309: checking for sys/socket.h
configure:4317: result: yes
configure:4200: checking sys/timeb.h usability
configure:4217: gcc -c -g -O2  conftest.c >&5
configure:4223: $? = 0
configure:4237: result: yes
configure:4241: checking sys/timeb.h presence
configure:4256: gcc -E  conftest.c
configure:4262: $? = 0
configure:4276: result: yes
configure:4309: checking for sys/timeb.h
configure:4317: result: yes
configure:4190: checking for unistd.h
configure:4196: result: yes
configure:4365: result: DARWIN
configure:4376: checking for an ANSI C-conforming const
configure:4451: gcc -c -g -O2  conftest.c >&5
configure:4457: $? = 0
configure:4472: result: yes
configure:4482: checking for off_t
configure:4512: gcc -c -g -O2  conftest.c >&5
configure:4518: $? = 0
configure:4533: result: yes
configure:4545: checking for size_t
configure:4575: gcc -c -g -O2  conftest.c >&5
configure:4581: $? = 0
configure:4596: result: yes
configure:4608: checking whether time.h and sys/time.h may both be included
configure:4638: gcc -c -g -O2  conftest.c >&5
configure:4644: $? = 0
configure:4659: result: yes
configure:4669: checking whether struct tm is in sys/time.h or time.h
configure:4699: gcc -c -g -O2  conftest.c >&5
configure:4705: $? = 0
configure:4720: result: time.h
configure:4734: checking for working alloca.h
configure:4761: gcc -o conftest -g -O2  -bundle -flat_namespace -undefined suppress conftest.c  >&5
configure:4767: $? = 0
configure:4784: result: yes
configure:4794: checking for alloca
configure:4841: gcc -o conftest -g -O2  -bundle -flat_namespace -undefined suppress conftest.c  >&5
configure:4847: $? = 0
configure:4864: result: yes
configure:5096: checking for stdlib.h
configure:5102: result: yes
configure:5236: checking for GNU libc compatible malloc
configure:5270: gcc -o conftest -g -O2  -bundle -flat_namespace -undefined suppress conftest.c  >&5
configure:5273: $? = 0
configure:5279: ./conftest
./configure: line 5280: ./conftest: cannot execute binary file
configure:5282: $? = 126
configure: program exited with status 126
configure: failed program was:
| /* confdefs.h.  */
| #define PACKAGE_NAME "nxsamples"
| #define PACKAGE_TARNAME "nxsamples"
| #define PACKAGE_VERSION "0.1.0"
| #define PACKAGE_STRING "nxsamples 0.1.0"
| #define PACKAGE_BUGREPORT "y10naoki@gmail.com"
| #define PACKAGE "nxsamples"
| #define VERSION "0.1.0"
| #define STDC_HEADERS 1
| #define HAVE_SYS_TYPES_H 1
| #define HAVE_SYS_STAT_H 1
| #define HAVE_STDLIB_H 1
| #define HAVE_STRING_H 1
| #define HAVE_MEMORY_H 1
| #define HAVE_STRINGS_H 1
| #define HAVE_INTTYPES_H 1
| #define HAVE_STDINT_H 1
| #define HAVE_UNISTD_H 1
| #define HAVE_ARPA_INET_H 1
| #define HAVE_FCNTL_H 1
| #define HAVE_LIMITS_H 1
| #define HAVE_MEMORY_H 1
| #define HAVE_NETDB_H 1
| #define HAVE_NETINET_IN_H 1
| #define HAVE_STDLIB_H 1
| #define HAVE_STRING_H 1
| #define HAVE_SYS_SOCKET_H 1
| #define HAVE_SYS_TIMEB_H 1
| #define HAVE_UNISTD_H 1
| #define TIME_WITH_SYS_TIME 1
| #define HAVE_ALLOCA_H 1
| #define HAVE_ALLOCA 1
| #define HAVE_STDLIB_H 1
| /* end confdefs.h.  */
| #if defined STDC_HEADERS || defined HAVE_STDLIB_H
| # include <stdlib.h>
| #else
| char *malloc ();
| #endif
| 
| int
| main ()
| {
| return ! malloc (0);
|   ;
|   return 0;
| }
configure:5298: result: no
configure:5326: checking for working memcmp
configure:5379: gcc -o conftest -g -O2  -bundle -flat_namespace -undefined suppress conftest.c  >&5
configure:5382: $? = 0
configure:5388: ./conftest
./configure: line 5389: ./conftest: cannot execute binary file
configure:5391: $? = 126
configure: program exited with status 126
configure: failed program was:
| /* confdefs.h.  */
| #define PACKAGE_NAME "nxsamples"
| #define PACKAGE_TARNAME "nxsamples"
| #define PACKAGE_VERSION "0.1.0"
| #define PACKAGE_STRING "nxsamples 0.1.0"
| #define PACKAGE_BUGREPORT "y10naoki@gmail.com"
| #define PACKAGE "nxsamples"
| #define VERSION "0.1.0"
| #define STDC_HEADERS 1
| #define HAVE_SYS_TYPES_H 1
| #define HAVE_SYS_STAT_H 1
| #define HAVE_STDLIB_H 1
| #define HAVE_STRING_H 1
| #define HAVE_MEMORY_H 1
| #define HAVE_STRINGS_H 1
| #define HAVE_INTTYPES_H 1
| #define HAVE_STDINT_H 1
| #define HAVE_UNISTD_H 1
| #define HAVE_ARPA_INET_H 1
| #define HAVE_FCNTL_H 1
| #define HAVE_LIMITS_H 1
| #define HAVE_MEMORY_H 1
| #define HAVE_NETDB_H 1
| #define HAVE_NETINET_IN_H 1
| #define HAVE_STDLIB_H 1
| #define HAVE_STRING_H 1
| #define HAVE_SYS_SOCKET_H 1
| #define HAVE_SYS_TIMEB_H 1
| #define HAVE_UNISTD_H 1
| #define TIME_WITH_SYS_TIME 1
| #define HAVE_ALLOCA_H 1
| #define HAVE_ALLOCA 1
| #define HAVE_STDLIB_H 1
| #define HAVE_MALLOC 0
| #define malloc rpl_malloc
| /* end confdefs.h.  */
| #include <stdio.h>
| #ifdef HAVE_SYS_TYPES_H
| # include <sys/types.h>
| #endif
| #ifdef HAVE_SYS_STAT_H
| # include <sys/stat.h>
| #endif
| #ifdef STDC_HEADERS
| # include <stdlib.h>
| # include <stddef.h>
| #else
| # ifdef HAVE_STDLIB_H
| #  include <stdlib.h>
| # endif
| #endif
| #ifdef HAVE_STRING_H
| # if !defined STDC_HEADERS && defined HAVE_MEMORY_H
| #  include <memory.h>
| # endif
| # include <string.h>
| #endif
| #ifdef HAVE_STRINGS_H
| # include <strings.h>
| #endif
| #ifdef HAVE_INTTYPES_H
| # include <inttypes.h>
| #endif
| #ifdef HAVE_STDINT_H
| # include <stdint.h>
| #endif
| #ifdef HAVE_UNISTD_H
| # include <unistd.h>
| #endif
| int
| main ()
| {
| 
|   /* Some versions of memcmp are not 8-bit clean.  */
|   char c0 = '\100', c1 = '\200', c2 = '\201';
|   if (memcmp(&c0, &c2, 1) >= 0 || memcmp(&c1, &c2, 1) >= 0)
|     return 1;
| 
|   /* The Next x86 OpenStep bug shows up only when comparing 16 bytes
|      or more and with at least one buffer not starting on a 4-byte boundary.
|      William Lewis provided this test program.   */
|   {
|     char foo[21];
|     char bar[21];
|     int i;
|     for (i = 0; i < 4; i++)
|       {
| 	char *a = foo + i;
| 	char *b = bar + i;
| 	strcpy (a, "--------01111111");
| 	strcpy (b, "--------10000000");
| 	if (memcmp (a, b, 16) >= 0)
| 	  return 1;
|       }
|     return 0;
|   }
| 
|   ;
|   return 0;
| }
configure:5407: result: no
configure:5422: checking for stdlib.h
configure:5428: result: yes
configure:5422: checking for unistd.h
configure:5428: result: yes
configure:5566: checking for getpagesize
configure:5622: gcc -o conftest -g -O2  -bundle -flat_namespace -undefined suppress conftest.c  >&5
configure:5628: $? = 0
configure:5646: result: yes
configure:5656: checking for working mmap
configure:5803: gcc -o conftest -g -O2  -bundle -flat_namespace -undefined suppress conftest.c  >&5
conftest.c: In function 'main':
conftest.c:152: warning: incompatible implicit declaration of built-in function 'malloc'
configure:5806: $? = 0
configure:5812: ./conftest
./configure: line 5813: ./conftest: cannot execute binary file
configure:5815: $? = 126
configure: program exited with status 126
configure: failed program was:
| /* confdefs.h.  */
| #define PACKAGE_NAME "nxsamples"
| #define PACKAGE_TARNAME "nxsamples"
| #define PACKAGE_VERSION "0.1.0"
| #define PACKAGE_STRING "nxsamples 0.1.0"
| #define PACKAGE_BUGREPORT "y10naoki@gmail.com"
| #define PACKAGE "nxsamples"
| #define VERSION "0.1.0"
| #define STDC_HEADERS 1
| #define HAVE_SYS_TYPES_H 1
| #define HAVE_SYS_STAT_H 1
| #define HAVE_STDLIB_H 1
| #define HAVE_STRING_H 1
| #define HAVE_MEMORY_H 1
| #define HAVE_STRINGS_H 1
| #define HAVE_INTTYPES_H 1
| #define HAVE_STDINT_H 1
| #define HAVE_UNISTD_H 1
| #define HAVE_ARPA_INET_H 1
| #define HAVE_FCNTL_H 1
| #define HAVE_LIMITS_H 1
| #define HAVE_MEMORY_H 1
| #define HAVE_NETDB_H 1
| #define HAVE_NETINET_IN_H 1
| #define HAVE_STDLIB_H 1
| #define HAVE_STRING_H 1
| #define HAVE_SYS_SOCKET_H 1
| #define HAVE_SYS_TIMEB_H 1
| #define HAVE_UNISTD_H 1
| #define TIME_WITH_SYS_TIME 1
| #define HAVE_ALLOCA_H 1
| #define HAVE_ALLOCA 1
| #define HAVE_STDLIB_H 1
| #define HAVE_MALLOC 0
| #define malloc rpl_malloc
| #define HAVE_STDLIB_H 1
| #define HAVE_UNISTD_H 1
| #define HAVE_GETPAGESIZE 1
| /* end confdefs.h.  */
| #include <stdio.h>
| #ifdef HAVE_SYS_TYPES_H
| # include <sys/types.h>
| #endif
| #ifdef HAVE_SYS_STAT_H
| # include <sys/stat.h>
| #endif
| #ifdef STDC_HEADERS
| # include <stdlib.h>
| # include <stddef.h>
| #else
| # ifdef HAVE_STDLIB_H
| #  include <stdlib.h>
| # endif
| #endif
| #ifdef HAVE_STRING_H
| # if !defined STDC_HEADERS && defined HAVE_MEMORY_H
| #  include <memory.h>
| # endif
| # include <string.h>
| #endif
| #ifdef HAVE_STRINGS_H
| # include <strings.h>
| #endif
| #ifdef HAVE_INTTYPES_H
| # include <inttypes.h>
| #endif
| #ifdef HAVE_STDINT_H
| # include <stdint.h>
| #endif
| #ifdef HAVE_UNISTD_H
| # include <unistd.h>
| #endif
| /* malloc might have been renamed as rpl_malloc. */
| #undef malloc
| 
| /* Thanks to Mike Haertel and Jim Avera for this test.
|    Here is a matrix of mmap possibilities:
| 	mmap private not fixed
| 	mmap private fixed at somewhere currently unmapped
| 	mmap private fixed at somewhere already mapped
| 	mmap shared not fixed
| 	mmap shared fixed at somewhere currently unmapped
| 	mmap shared fixed at somewhere already mapped
|    For private mappings, we should verify that changes cannot be read()
|    back from the file, nor mmap's back from the file at a different
|    address.  (There have been systems where private was not correctly
|    implemented like the infamous i386 svr4.0, and systems where the
|    VM page cache was not coherent with the file system buffer cache
|    like early versions of FreeBSD and possibly contemporary NetBSD.)
|    For shared mappings, we should conversely verify that changes get
|    propagated back to all the places they're supposed to be.
| 
|    Grep wants private fixed already mapped.
|    The main things grep needs to know about mmap are:
|    * does it exist and is it safe to write into the mmap'd area
|    * how to use it (BSD variants)  */
| 
| #include <fcntl.h>
| #include <sys/mman.h>
| 
| #if !defined STDC_HEADERS && !defined HAVE_STDLIB_H
| char *malloc ();
| #endif
| 
| /* This mess was copied from the GNU getpagesize.h.  */
| #ifndef HAVE_GETPAGESIZE
| /* Assume that all systems that can run configure have sys/param.h.  */
| # ifndef HAVE_SYS_PARAM_H
| #  define HAVE_SYS_PARAM_H 1
| # endif
| 
| # ifdef _SC_PAGESIZE
| #  define getpagesize() sysconf(_SC_PAGESIZE)
| # else /* no _SC_PAGESIZE */
| #  ifdef HAVE_SYS_PARAM_H
| #   include <sys/param.h>
| #   ifdef EXEC_PAGESIZE
| #    define getpagesize() EXEC_PAGESIZE
| #   else /* no EXEC_PAGESIZE */
| #    ifdef NBPG
| #     define getpagesize() NBPG * CLSIZE
| #     ifndef CLSIZE
| #      define CLSIZE 1
| #     endif /* no CLSIZE */
| #    else /* no NBPG */
| #     ifdef NBPC
| #      define getpagesize() NBPC
| #     else /* no NBPC */
| #      ifdef PAGESIZE
| #       define getpagesize() PAGESIZE
| #      endif /* PAGESIZE */
| #     endif /* no NBPC */
| #    endif /* no NBPG */
| #   endif /* no EXEC_PAGESIZE */
| #  else /* no HAVE_SYS_PARAM_H */
| #   define getpagesize() 8192	/* punt totally */
| #  endif /* no HAVE_SYS_PARAM_H */
| # endif /* no _SC_PAGESIZE */
| 
| #endif /* no HAVE_GETPAGESIZE */
| 
| int
| main ()
| {
|   char *data, *data2, *data3;
|   int i, pagesize;
|   int fd;
| 
|   pagesize = getpagesize ();
| 
|   /* First, make a file with some known garbage in it. */
|   data = (char *) malloc (pagesize);
|   if (!data)
|     return 1;
|   for (i = 0; i < pagesize; ++i)
|     *(data + i) = rand ();
|   umask (0);
|   fd = creat ("conftest.mmap", 0600);
|   if (fd < 0)
|     return 1;
|   if (write (fd, data, pagesize) != pagesize)
|     return 1;
|   close (fd);
| 
|   /* Next, try to mmap the file at a fixed address which already has
|      something else allocated at it.  If we can, also make sure that
|      we see the same garbage.  */
|   fd = open ("conftest.mmap", O_RDWR);
|   if (fd < 0)
|     return 1;
|   data2 = (char *) malloc (2 * pagesize);
|   if (!data2)
|     return 1;
|   data2 += (pagesize - ((long int) data2 & (pagesize - 1))) & (pagesize - 1);
|   if (data2 != mmap (data2, pagesize, PROT_READ | PROT_WRITE,
| 		     MAP_PRIVATE | MAP_FIXED, fd, 0L))
|     return 1;
|   for (i = 0; i < pagesize; ++i)
|     if (*(data + i) != *(data2 + i))
|       return 1;
| 
|   /* Finally, make sure that changes to the mapped area do not
|      percolate back to the file as seen by read().  (This is a bug on
|      some variants of i386 svr4.0.)  */
|   for (i = 0; i < pagesize; ++i)
|     *(data2 + i) = *(data2 + i) + 1;
|   data3 = (char *) malloc (pagesize);
|   if (!data3)
|     return 1;
|   if (read (fd, data3, pagesize) != pagesize)
|     return 1;
|   for (i = 0; i < pagesize; ++i)
|     if (*(data + i) != *(data3 + i))
|       return 1;
|   close (fd);
|   return 0;
| }
configure:5831: result: no
configure:5847: checking for stdlib.h
configure:5853: result: yes
configure:5987: checking for GNU libc compatible realloc
configure:6021: gcc -o conftest -g -O2  -bundle -flat_namespace -undefined suppress conftest.c  >&5
configure:6024: $? = 0
configure:6030: ./conftest
./configure: line 6031: ./conftest: cannot execute binary file
configure:6033: $? = 126
configure: program exited with status 126
configure: failed program was:
| /* confdefs.h.  */
| #define PACKAGE_NAME "nxsamples"
| #define PACKAGE_TARNAME "nxsamples"
| #define PACKAGE_VERSION "0.1.0"
| #define PACKAGE_STRING "nxsamples 0.1.0"
| #define PACKAGE_BUGREPORT "y10naoki@gmail.com"
| #define PACKAGE "nxsamples"
| #define VERSION "0.1.0"
| #define STDC_HEADERS 1
| #define HAVE_SYS_TYPES_H 1
| #define HAVE_SYS_STAT_H 1
| #define HAVE_STDLIB_H 1
| #define HAVE_STRING_H 1
| #define HAVE_MEMORY_H 1
| #define HAVE_STRINGS_H 1
| #define HAVE_INTTYPES_H 1
| #define HAVE_STDINT_H 1
| #define HAVE_UNISTD_H 1
| #define HAVE_ARPA_INET_H 1
| #define HAVE_FCNTL_H 1
| #define HAVE_LIMITS_H 1
| #define HAVE_MEMORY_H 1
| #define HAVE_NETDB_H 1
| #define HAVE_NETINET_IN_H 1
| #define HAVE_STDLIB_H 1
| #define HAVE_STRING_H 1
| #define HAVE_SYS_SOCKET_H 1
| #define HAVE_SYS_TIMEB_H 1
| #define HAVE_UNISTD_H 1
| #define TIME_WITH_SYS_TIME 1
| #define HAVE_ALLOCA_H 1
| #define HAVE_ALLOCA 1
| #define HAVE_STDLIB_H 1
| #define HAVE_MALLOC 0
| #define malloc rpl_malloc
| #define HAVE_STDLIB_H 1
| #define HAVE_UNISTD_H 1
| #define HAVE_GETPAGESIZE 1
| #define HAVE_STDLIB_H 1
| /* end confdefs.h.  */
| #if defined STDC_HEADERS || defined HAVE_STDLIB_H
| # include <stdlib.h>
| #else
| char *realloc ();
| #endif
| 
| int
| main ()
| {
| return ! realloc (0, 0);
|   ;
|   return 0;
| }
configure:6049: result: no
configure:6093: checking sys/select.h usability
configure:6110: gcc -c -g -O2  conftest.c >&5
configure:6116: $? = 0
configure:6130: result: yes
configure:6134: checking sys/select.h presence
configure:6149: gcc -E  conftest.c
configure:6155: $? = 0
configure:6169: result: yes
configure:6202: checking for sys/select.h
configure:6210: result: yes
configure:6083: checking for sys/socket.h
configure:6089: result: yes
configure:6223: checking types of arguments for select
configure:6261: gcc -c -g -O2  conftest.c >&5
configure:6267: $? = 0
configure:6288: result: int,fd_set *,struct timeval *
configure:6311: checking whether lstat dereferences a symlink specified with a trailing slash
configure:6347: gcc -o conftest -g -O2  -bundle -flat_namespace -undefined suppress conftest.c  >&5
configure:6350: $? = 0
configure:6356: ./conftest
./configure: line 6357: ./conftest: cannot execute binary file
configure:6359: $? = 126
configure: program exited with status 126
configure: failed program was:
| /* confdefs.h.  */
| #define PACKAGE_NAME "nxsamples"
| #define PACKAGE_TARNAME "nxsamples"
| #define PACKAGE_VERSION "0.1.0"
| #define PACKAGE_STRING "nxsamples 0.1.0"
| #define PACKAGE_BUGREPORT "y10naoki@gmail.com"
| #define PACKAGE "nxsamples"
| #define VERSION "0.1.0"
| #define STDC_HEADERS 1
| #define HAVE_SYS_TYPES_H 1
| #define HAVE_SYS_STAT_H 1
| #define HAVE_STDLIB_H 1
| #define HAVE_STRING_H 1
| #define HAVE_MEMORY_H 1
| #define HAVE_STRINGS_H 1
| #define HAVE_INTTYPES_H 1
| #define HAVE_STDINT_H 1
| #define HAVE_UNISTD_H 1
| #define HAVE_ARPA_INET_H 1
| #define HAVE_FCNTL_H 1
| #define HAVE_LIMITS_H 1
| #define HAVE_MEMORY_H 1
| #define HAVE_NETDB_H 1
| #define HAVE_NETINET_IN_H 1
| #define HAVE_STDLIB_H 1
| #define HAVE_STRING_H 1
| #define HAVE_SYS_SOCKET_H 1
| #define HAVE_SYS_TIMEB_H 1
| #define HAVE_UNISTD_H 1
| #define TIME_WITH_SYS_TIME 1
| #define HAVE_ALLOCA_H 1
| #define HAVE_ALLOCA 1
| #define HAVE_STDLIB_H 1
| #define HAVE_MALLOC 0
| #define malloc rpl_malloc
| #define HAVE_STDLIB_H 1
| #define HAVE_UNISTD_H 1
| #define HAVE_GETPAGESIZE 1
| #define HAVE_STDLIB_H 1
| #define HAVE_REALLOC 0
| #define realloc rpl_realloc
| #define HAVE_SYS_SELECT_H 1
| #define HAVE_SYS_SOCKET_H 1
| #define SELECT_TYPE_ARG1 int
| #define SELECT_TYPE_ARG234 (fd_set *)
| #define SELECT_TYPE_ARG5 (struct timeval *)
| /* end confdefs.h.  */
| #include <stdio.h>
| #ifdef HAVE_SYS_TYPES_H
| # include <sys/types.h>
| #endif
| #ifdef HAVE_SYS_STAT_H
| # include <sys/stat.h>
| #endif
| #ifdef STDC_HEADERS
| # include <stdlib.h>
| # include <stddef.h>
| #else
| # ifdef HAVE_STDLIB_H
| #  include <stdlib.h>
| # endif
| #endif
| #ifdef HAVE_STRING_H
| # if !defined STDC_HEADERS && defined HAVE_MEMORY_H
| #  include <memory.h>
| # endif
| # include <string.h>
| #endif
| #ifdef HAVE_STRINGS_H
| # include <strings.h>
| #endif
| #ifdef HAVE_INTTYPES_H
| # include <inttypes.h>
| #endif
| #ifdef HAVE_STDINT_H
| # include <stdint.h>
| #endif
| #ifdef HAVE_UNISTD_H
| # include <unistd.h>
| #endif
| int
| main ()
| {
| struct stat sbuf;
|      /* Linux will dereference the symlink and fail.
| 	That is better in the sense that it means we will not
| 	have to compile and use the lstat wrapper.  */
|      return lstat ("conftest.sym/", &sbuf) == 0;
|   ;
|   return 0;
| }
configure:6382: result: no
configure:6401: checking whether stat accepts an empty string
configure:6431: gcc -o conftest -g -O2  -bundle -flat_namespace -undefined suppress conftest.c  >&5
configure:6434: $? = 0
configure:6440: ./conftest
./configure: line 6441: ./conftest: cannot execute binary file
configure:6443: $? = 126
configure: program exited with status 126
configure: failed program was:
| /* confdefs.h.  */
| #define PACKAGE_NAME "nxsamples"
| #define PACKAGE_TARNAME "nxsamples"
| #define PACKAGE_VERSION "0.1.0"
| #define PACKAGE_STRING "nxsamples 0.1.0"
| #define PACKAGE_BUGREPORT "y10naoki@gmail.com"
| #define PACKAGE "nxsamples"
| #define VERSION "0.1.0"
| #define STDC_HEADERS 1
| #define HAVE_SYS_TYPES_H 1
| #define HAVE_SYS_STAT_H 1
| #define HAVE_STDLIB_H 1
| #define HAVE_STRING_H 1
| #define HAVE_MEMORY_H 1
| #define HAVE_STRINGS_H 1
| #define HAVE_INTTYPES_H 1
| #define HAVE_STDINT_H 1
| #define HAVE_UNISTD_H 1
| #define HAVE_ARPA_INET_H 1
| #define HAVE_FCNTL_H 1
| #define HAVE_LIMITS_H 1
| #define HAVE_MEMORY_H 1
| #define HAVE_NETDB_H 1
| #define HAVE_NETINET_IN_H 1
| #define HAVE_STDLIB_H 1
| #define HAVE_STRING_H 1
| #define HAVE_SYS_SOCKET_H 1
| #define HAVE_SYS_TIMEB_H 1
| #define HAVE_UNISTD_H 1
| #define TIME_WITH_SYS_TIME 1
| #define HAVE_ALLOCA_H 1
| #define HAVE_ALLOCA 1
| #define HAVE_STDLIB_H 1
| #define HAVE_MALLOC 0
| #define malloc rpl_malloc
| #define HAVE_STDLIB_H 1
| #define HAVE_UNISTD_H 1
| #define HAVE_GETPAGESIZE 1
| #define HAVE_STDLIB_H 1
| #define HAVE_REALLOC 0
| #define realloc rpl_realloc
| #define HAVE_SYS_SELECT_H 1
| #define HAVE_SYS_SOCKET_H 1
| #define SELECT_TYPE_ARG1 int
| #define SELECT_TYPE_ARG234 (fd_set *)
| #define SELECT_TYPE_ARG5 (struct timeval *)
| /* end confdefs.h.  */
| #include <stdio.h>
| #ifdef HAVE_SYS_TYPES_H
| # include <sys/types.h>
| #endif
| #ifdef HAVE_SYS_STAT_H
| # include <sys/stat.h>
| #endif
| #ifdef STDC_HEADERS
| # include <stdlib.h>
| # include <stddef.h>
| #else
| # ifdef HAVE_STDLIB_H
| #  include <stdlib.h>
| # endif
| #endif
| #ifdef HAVE_STRING_H
| # if !defined STDC_HEADERS && defined HAVE_MEMORY_H
| #  include <memory.h>
| # endif
| # include <string.h>
| #endif
| #ifdef HAVE_STRINGS_H
| # include <strings.h>
| #endif
| #ifdef HAVE_INTTYPES_H
| # include <inttypes.h>
| #endif
| #ifdef HAVE_STDINT_H
| # include <stdint.h>
| #endif
| #ifdef HAVE_UNISTD_H
| # include <unistd.h>
| #endif
| int
| main ()
| {
| struct stat sbuf;
|   return stat ("", &sbuf) == 0;
|   ;
|   return 0;
| }
configure:6459: result: yes
configure:6479: checking for strftime
configure:6535: gcc -o conftest -g -O2  -bundle -flat_namespace -undefined suppress conftest.c  >&5
conftest.c:72: warning: conflicting types for built-in function 'strftime'
configure:6541: $? = 0
configure:6559: result: yes
configure:6657: checking for clock_gettime
configure:6713: gcc -o conftest -g -O2  -bundle -flat_namespace -undefined suppress conftest.c  >&5
configure:6719: $? = 0
configure:6737: result: yes
configure:6657: checking for gethostbyaddr
configure:6713: gcc -o conftest -g -O2  -bundle -flat_namespace -undefined suppress conftest.c  >&5
configure:6719: $? = 0
configure:6737: result: yes
configure:6657: checking for gethostbyname
configure:6713: gcc -o conftest -g -O2  -bundle -flat_namespace -undefined suppress conftest.c  >&5
configure:6719: $? = 0
configure:6737: result: yes
configure:6657: checking for getpagesize
configure:6737: result: yes
configure:6657: checking for gettimeofday
configure:6713: gcc -o conftest -g -O2  -bundle -flat_namespace -undefined suppress conftest.c  >&5
configure:6719: $? = 0
configure:6737: result: yes
configure:6657: checking for inet_ntoa
configure:6713: gcc -o conftest -g -O2  -bundle -flat_namespace -undefined suppress conftest.c  >&5
configure:6719: $? = 0
configure:6737: result: yes
configure:6657: checking for memmove
configure:6713: gcc -o conftest -g -O2  -bundle -flat_namespace -undefined suppress conftest.c  >&5
conftest.c:79: warning: conflicting types for built-in function 'memmove'
configure:6719: $? = 0
configure:6737: result: yes
configure:6657: checking for memset
configure:6713: gcc -o conftest -g -O2  -bundle -flat_namespace -undefined suppress conftest.c  >&5
conftest.c:80: warning: conflicting types for built-in function 'memset'
configure:6719: $? = 0
configure:6737: result: yes
configure:6657: checking for munmap
configure:6713: gcc -o conftest -g -O2  -bundle -flat_namespace -undefined suppress conftest.c  >&5
configure:6719: $? = 0
configure:6737: result: yes
configure:6657: checking for select
configure:6713: gcc -o conftest -g -O2  -bundle -flat_namespace -undefined suppress conftest.c  >&5
configure:6719: $? = 0
configure:6737: result: yes
configure:6657: checking for socket
configure:6713: gcc -o conftest -g -O2  -bundle -flat_namespace -undefined suppress conftest.c  >&5
configure:6719: $? = 0
configure:6737: result: yes
configure:6657: checking for strchr
configure:6713: gcc -o conftest -g -O2  -bundle -flat_namespace -undefined suppress conftest.c  >&5
conftest.c:84: warning: conflicting types for built-in function 'strchr'
configure:6719: $? = 0
configure:6737: result: yes
configure:6657: checking for strerror
configure:6713: gcc -o conftest -g -O2  -bundle -flat_namespace -undefined suppress conftest.c  >&5
configure:6719: $? = 0
configure:6737: result: yes
configure:6657: checking for strstr
configure:6713: gcc -o conftest -g -O2  -bundle -flat_namespace -undefined suppress conftest.c  >&5
conftest.c:86: warning: conflicting types for built-in function 'strstr'
configure:6719: $? = 0
configure:6737: result: yes
configure:6751: checking for iconv
configure:6807: gcc -o conftest -g -O2  -bundle -flat_namespace -undefined suppress conftest.c  >&5
configure:6813: $? = 0
configure:6831: result: yes
configure:6844: checking for iconv in -liconv
configure:6879: gcc -o conftest -g -O2  -bundle -flat_namespace -undefined suppress conftest.c -liconv   >&5
configure:6885: $? = 0
configure:6903: result: yes
configure:6915: checking for deflate in -lz
configure:6950: gcc -o conftest -g -O2  -bundle -flat_namespace -undefined suppress conftest.c -lz  -liconv  >&5
configure:6956: $? = 0
configure:6974: result: yes
configure:6986: checking for xmlReadMemory in -lxml2
configure:7021: gcc -o conftest -g -O2  -bundle -flat_namespace -undefined suppress conftest.c -lxml2  -lz -liconv  >&5
configure:7027: $? = 0
configure:7045: result: yes
configure:7057: checking for SSL_library_init in -lssl
configure:7092: gcc -o conftest -g -O2  -bundle -flat_namespace -undefined suppress conftest.c -lssl  -lxml2 -lz -liconv  >&5
configure:7098: $? = 0
configure:7116: result: yes
configure:7128: checking for nio_initialize in -lnesta
configure:7163: gcc -o conftest -g -O2  -bundle -flat_namespace -undefined suppress conftest.c -lnesta  -lssl -lxml2 -lz -liconv  >&5
configure:7169: $? = 0
configure:7187: result: yes
configure:7202: checking for nio_initialize in -lnesta
configure:7261: result: yes
configure:7274: checking for OCIInitialize in -lclntsh
configure:7309: gcc -o conftest -g -O2  -bundle -flat_namespace -undefined suppress conftest.c -lclntsh  -lnesta -lssl -lxml2 -lz -liconv  >&5
ld: library not found for -lclntsh
collect2: ld returned 1 exit status
configure:7315: $? = 1
configure: failed program was:
| /* confdefs.h.  */
| #define PACKAGE_NAME "nxsamples"
| #define PACKAGE_TARNAME "nxsamples"
| #define PACKAGE_VERSION "0.1.0"
| #define PACKAGE_STRING "nxsamples 0.1.0"
| #define PACKAGE_BUGREPORT "y10naoki@gmail.com"
| #define PACKAGE "nxsamples"
| #define VERSION "0.1.0"
| #define STDC_HEADERS 1
| #define HAVE_SYS_TYPES_H 1
| #define HAVE_SYS_STAT_H 1
| #define HAVE_STDLIB_H 1
| #define HAVE_STRING_H 1
| #define HAVE_MEMORY_H 1
| #define HAVE_STRINGS_H 1
| #define HAVE_INTTYPES_H 1
| #define HAVE_STDINT_H 1
| #define HAVE_UNISTD_H 1
| #define HAVE_ARPA_INET_H 1
| #define HAVE_FCNTL_H 1
| #define HAVE_LIMITS_H 1
| #define HAVE_MEMORY_H 1
| #define HAVE_NETDB_H 1
| #define HAVE_NETINET_IN_H 1
| #define HAVE_STDLIB_H 1
| #define HAVE_STRING_H 1
| #define HAVE_SYS_SOCKET_H 1
| #define HAVE_SYS_TIMEB_H 1
| #define HAVE_UNISTD_H 1
| #define TIME_WITH_SYS_TIME 1
| #define HAVE_ALLOCA_H 1
| #define HAVE_ALLOCA 1
| #define HAVE_STDLIB_H 1
| #define HAVE_MALLOC 0
| #define malloc rpl_malloc
| #define HAVE_STDLIB_H 1
| #define HAVE_UNISTD_H 1
| #define HAVE_GETPAGESIZE 1
| #define HAVE_STDLIB_H 1
| #define HAVE_REALLOC 0
| #define realloc rpl_realloc
| #define HAVE_SYS_SELECT_H 1
| #define HAVE_SYS_SOCKET_H 1
| #define SELECT_TYPE_ARG1 int
| #define SELECT_TYPE_ARG234 (fd_set *)
| #define SELECT_TYPE_ARG5 (struct timeval *)
| #define HAVE_STAT_EMPTY_STRING_BUG 1
| #define HAVE_STRFTIME 1
| #define HAVE_CLOCK_GETTIME 1
| #define HAVE_GETHOSTBYADDR 1
| #define HAVE_GETHOSTBYNAME 1
| #define HAVE_GETPAGESIZE 1
| #define HAVE_GETTIMEOFDAY 1
| #define HAVE_INET_NTOA 1
| #define HAVE_MEMMOVE 1
| #define HAVE_MEMSET 1
| #define HAVE_MUNMAP 1
| #define HAVE_SELECT 1
| #define HAVE_SOCKET 1
| #define HAVE_STRCHR 1
| #define HAVE_STRERROR 1
| #define HAVE_STRSTR 1
| #define HAVE_ICONV 1
| #define HAVE_LIBICONV 1
| #define HAVE_LIBZ 1
| #define HAVE_LIBXML2 1
| #define HAVE_LIBSSL 1
| #define HAVE_NESTALIB 1
| #define HAVE_LIBNESTA 1
| /* end confdefs.h.  */
| 
| /* Override any GCC internal prototype to avoid an error.
|    Use char because int might match the return type of a GCC
|    builtin and then its argument prototype would still apply.  */
| #ifdef __cplusplus
| extern "C"
| #endif
| char OCIInitialize ();
| int
| main ()
| {
| return OCIInitialize ();
|   ;
|   return 0;
| }
configure:7333: result: no
configure:7461: creating ./config.status

## ---------------- ##
## Cache variables. ##
## ---------------- ##

ac_cv_build=i386-apple-darwin10.4.0
ac_cv_c_compiler_gnu=yes
ac_cv_c_const=yes
ac_cv_env_CC_set=
ac_cv_env_CC_value=
ac_cv_env_CFLAGS_set=
ac_cv_env_CFLAGS_value=
ac_cv_env_CPPFLAGS_set=
ac_cv_env_CPPFLAGS_value=
ac_cv_env_CPP_set=
ac_cv_env_CPP_value=
ac_cv_env_LDFLAGS_set=
ac_cv_env_LDFLAGS_value=
ac_cv_env_LIBS_set=
ac_cv_env_LIBS_value=
ac_cv_env_build_alias_set=
ac_cv_env_build_alias_value=
ac_cv_env_host_alias_set=
ac_cv_env_host_alias_value=
ac_cv_env_target_alias_set=
ac_cv_env_target_alias_value=
ac_cv_func_alloca_works=yes
ac_cv_func_clock_gettime=yes
ac_cv_func_gethostbyaddr=yes
ac_cv_func_gethostbyname=yes
ac_cv_func_getpagesize=yes
ac_cv_func_gettimeofday=yes
ac_cv_func_iconv=yes
ac_cv_func_inet_ntoa=yes
ac_cv_func_lstat_dereferences_slashed_symlink=no
ac_cv_func_malloc_0_nonnull=no
ac_cv_func_memcmp_working=no
ac_cv_func_memmove=yes
ac_cv_func_memset=yes
ac_cv_func_mmap_fixed_mapped=no
ac_cv_func_munmap=yes
ac_cv_func_realloc_0_nonnull=no
ac_cv_func_select=yes
ac_cv_func_select_args='int,fd_set *,struct timeval *'
ac_cv_func_socket=yes
ac_cv_func_stat_empty_string_bug=yes
ac_cv_func_strchr=yes
ac_cv_func_strerror=yes
ac_cv_func_strftime=yes
ac_cv_func_strstr=yes
ac_cv_header_arpa_inet_h=yes
ac_cv_header_fcntl_h=yes
ac_cv_header_inttypes_h=yes
ac_cv_header_limits_h=yes
ac_cv_header_memory_h=yes
ac_cv_header_netdb_h=yes
ac_cv_header_netinet_in_h=yes
ac_cv_header_stdc=yes
ac_cv_header_stdint_h=yes
ac_cv_header_stdlib_h=yes
ac_cv_header_string_h=yes
ac_cv_header_strings_h=yes
ac_cv_header_sys_select_h=yes
ac_cv_header_sys_socket_h=yes
ac_cv_header_sys_stat_h=yes
ac_cv_header_sys_timeb_h=yes
ac_cv_header_sys_types_h=yes
ac_cv_header_time=yes
ac_cv_header_unistd_h=yes
ac_cv_host=i386-apple-darwin10.4.0
ac_cv_lib_clntsh_OCIInitialize=no
ac_cv_lib_iconv_iconv=yes
ac_cv_lib_nesta_nio_initialize=yes
ac_cv_lib_ssl_SSL_library_init=yes
ac_cv_lib_xml2_xmlReadMemory=yes
ac_cv_lib_z_deflate=yes
ac_cv_objext=o
ac_cv_path_EGREP='/usr/bin/grep -E'
ac_cv_path_GREP=/usr/bin/grep
ac_cv_path_install='/usr/bin/install -c'
ac_cv_prog_AWK=awk
ac_cv_prog_CPP='gcc -E'
ac_cv_prog_ac_ct_CC=gcc
ac_cv_prog_cc_c89=
ac_cv_prog_cc_g=yes
ac_cv_prog_cc_gcc_c_o=yes
ac_cv_prog_make_make_set=yes
ac_cv_struct_tm=time.h
ac_cv_type_off_t=yes
ac_cv_type_size_t=yes
ac_cv_working_alloca_h=yes
am_cv_CC_dependencies_compiler_type=gcc3

## ----------------- ##
## Output variables. ##
## ----------------- ##

ACLOCAL='${SHELL} /Users/yamamoto/server/httpserver/nesta/missing --run aclocal-1.10'
ALLOCA=''
AMDEPBACKSLASH='\'
AMDEP_FALSE='#'
AMDEP_TRUE=''
AMTAR='${SHELL} /Users/yamamoto/server/httpserver/nesta/missing --run tar'
AUTOCONF='${SHELL} /Users/yamamoto/server/httpserver/nesta/missing --run autoconf'
AUTOHEADER='${SHELL} /Users/yamamoto/server/httpserver/nesta/missing --run autoheader'
AUTOMAKE='${SHELL} /Users/yamamoto/server/httpserver/nesta/missing --run automake-1.10'
AWK='awk'
CC='gcc'
CCDEPMODE='depmode=gcc3'
CFLAGS='-g -O2'
CPP='gcc -E'
CPPFLAGS=''
CYGPATH_W='echo'
DEFS='-DHAVE_CONFIG_H'
DEPDIR='.deps'
ECHO_C='ECHO_N=''
ECHO_T=''
EGREP='/usr/bin/grep -E'
EXEEXT=''
GREP='/usr/bin/grep'
INSTALL_DATA='${INSTALL} -m 644'
INSTALL_PROGRAM='${INSTALL}'
INSTALL_SCRIPT='${INSTALL}'
INSTALL_STRIP_PROGRAM='$(install_sh) -c -s'
LDFLAGS='-bundle -flat_namespace -undefined suppress'
LIBOBJS=' ${LIBOBJDIR}malloc$U.o ${LIBOBJDIR}memcmp$U.o ${LIBOBJDIR}realloc$U.o ${LIBOBJDIR}lstat$U.o ${LIBOBJDIR}stat$U.o'
LIBS='-lnesta -lssl -lxml2 -lz -liconv '
LTLIBOBJS=' ${LIBOBJDIR}malloc$U.lo ${LIBOBJDIR}memcmp$U.lo ${LIBOBJDIR}realloc$U.lo ${LIBOBJDIR}lstat$U.lo ${LIBOBJDIR}stat$U.lo'
MAKEINFO='${SHELL} /Users/yamamoto/server/httpserver/nesta/missing --run makeinfo'
NESTALIB_HEADERS='/usr/local/include/nestalib'
OBJEXT='o'
OCI_HEADERS='.'
PACKAGE='nxsamples'
PACKAGE_BUGREPORT='y10naoki@gmail.com'
PACKAGE_NAME='nxsamples'
PACKAGE_STRING='nxsamples 0.1.0'
PACKAGE_TARNAME='nxsamples'
PACKAGE_VERSION='0.1.0'
PATH_SEPARATOR=':'
SET_MAKE=''
SHELL='/bin/sh'
STRIP=''
VERSION='0.1.0'
ac_ct_CC='gcc'
am__fastdepCC_FALSE='#'
am__fastdepCC_TRUE=''
am__include='include'
am__isrc=''
am__leading_dot='.'
am__quote=''
am__tar='${AMTAR} chof - "$$tardir"'
am__untar='${AMTAR} xf -'
bindir='${exec_prefix}/bin'
build='i386-apple-darwin10.4.0'
build_alias=''
build_cpu='i386'
build_os='darwin10.4.0'
build_vendor='apple'
datadir='${datarootdir}'
datarootdir='${prefix}/share'
docdir='${datarootdir}/doc/${PACKAGE_TARNAME}'
dvidir='${docdir}'
exec_prefix='${prefix}'
host='i386-apple-darwin10.4.0'
host_alias=''
host_cpu='i386'
host_os='darwin10.4.0'
host_vendor='apple'
htmldir='${docdir}'
includedir='${prefix}/include'
infodir='${datarootdir}/info'
install_sh='$(SHELL) /Users/yamamoto/server/httpserver/nesta/install-sh'
libdir='${exec_prefix}/lib'
libexecdir='${exec_prefix}/libexec'
localedir='${datarootdir}/locale'
localstatedir='${prefix}/var'
mandir='${datarootdir}/man'
mkdir_p='$(top_builddir)/./../install-sh -c -d'
oldincludedir='/usr/include'
pdfdir='${docdir}'
prefix='/usr/local'
program_transform_name='s,x,x,'
psdir='${docdir}'
sbindir='${exec_prefix}/sbin'
sharedstatedir='${prefix}/com'
sysconfdir='${prefix}/etc'
target_alias=''

## ----------- ##
## confdefs.h. ##
## ----------- ##

#define PACKAGE_NAME "nxsamples"
#define PACKAGE_TARNAME "nxsamples"
#define PACKAGE_VERSION "0.1.0"
#define PACKAGE_STRING "nxsamples 0.1.0"
#define PACKAGE_BUGREPORT "y10naoki@gmail.com"
#define PACKAGE "nxsamples"
#define VERSION "0.1.0"
#define STDC_HEADERS 1
#define HAVE_SYS_TYPES_H 1
#define HAVE_SYS_STAT_H 1
#define HAVE_STDLIB_H 1
#define HAVE_STRING_H 1
#define HAVE_MEMORY_H 1
#define HAVE_STRINGS_H 1
#define HAVE_INTTYPES_H 1
#define HAVE_STDINT_H 1
#define HAVE_UNISTD_H 1
#define HAVE_ARPA_INET_H 1
#define HAVE_FCNTL_H 1
#define HAVE_LIMITS_H 1
#define HAVE_MEMORY_H 1
#define HAVE_NETDB_H 1
#define HAVE_NETINET_IN_H 1
#define HAVE_STDLIB_H 1
#define HAVE_STRING_H 1
#define HAVE_SYS_SOCKET_H 1
#define HAVE_SYS_TIMEB_H 1
#define HAVE_UNISTD_H 1
#define TIME_WITH_SYS_TIME 1
#define HAVE_ALLOCA_H 1
#define HAVE_ALLOCA 1
#define HAVE_STDLIB_H 1
#define HAVE_MALLOC 0
#define malloc rpl_malloc
#define HAVE_STDLIB_H 1
#define HAVE_UNISTD_H 1
#define HAVE_GETPAGESIZE 1
#define HAVE_STDLIB_H 1
#define HAVE_REALLOC 0
#define realloc rpl_realloc
#define HAVE_SYS_SELECT_H 1
#define HAVE_SYS_SOCKET_H 1
#define SELECT_TYPE_ARG1 int
#define SELECT_TYPE_ARG234 (fd_set *)
#define SELECT_TYPE_ARG5 (struct timeval *)
#define HAVE_STAT_EMPTY_STRING_BUG 1
#define HAVE_STRFTIME 1
#define HAVE_CLOCK_GETTIME 1
#define HAVE_GETHOSTBYADDR 1
#define HAVE_GETHOSTBYNAME 1
#define HAVE_GETPAGESIZE 1
#define HAVE_GETTIMEOFDAY 1
#define HAVE_INET_NTOA 1
#define HAVE_MEMMOVE 1
#define HAVE_MEMSET 1
#define HAVE_MUNMAP 1
#define HAVE_SELECT 1
#define HAVE_SOCKET 1
#define HAVE_STRCHR 1
#define HAVE_STRERROR 1
#define HAVE_STRSTR 1
#define HAVE_ICONV 1
#define HAVE_LIBICONV 1
#define HAVE_LIBZ 1
#define HAVE_LIBXML2 1
#define HAVE_LIBSSL 1
#define HAVE_NESTALIB 1
#define HAVE_LIBNESTA 1

configure: exit 0

## ---------------------- ##
## Running config.status. ##
## ---------------------- ##

This file was extended by nxsamples config.status 0.1.0, which was
generated by GNU Autoconf 2.61.  Invocation command line was

  CONFIG_FILES    = 
  CONFIG_HEADERS  = 
  CONFIG_LINKS    = 
  CONFIG_COMMANDS = 
  $ ./config.status 

on yamamoto-naoki-no-macbook-pro.local

config.status:646: creating Makefile
config.status:646: creating config.h
config.status:931: config.h is unchanged
config.status:977: executing depfiles commands

## ---------------------- ##
## Running config.status. ##
## ---------------------- ##

This file was extended by nxsamples config.status 0.1.0, which was
generated by GNU Autoconf 2.61.  Invocation command line was

  CONFIG_FILES    = 
  CONFIG_HEADERS  = 
  CONFIG_LINKS    = 
  CONFIG_COMMANDS = 
  $ ./config.status config.h

on yamamoto-naoki-no-macbook-pro.local

config.status:646: creating config.h
